<?xml version="1.0" encoding="UTF-8"?>
<!-- Generated by org.testng.reporters.JUnitReportReporter -->
<testsuite hostname="DESKTOP-3HQ3THD" failures="0" tests="6" name="Test.cross" time="0.031" errors="1" timestamp="2022-07-21T08:05:22 IST" skipped="5">
  <testcase classname="Test.cross" name="launch" time="0.031">
    <error message="Cannot invoke &quot;org.openqa.selenium.WebDriver.get(String)&quot; because &quot;this.driver&quot; is null" type="java.lang.NullPointerException">
      <![CDATA[java.lang.NullPointerException: Cannot invoke "org.openqa.selenium.WebDriver.get(String)" because "this.driver" is null
at Test.cross.launch(cross.java:52)
at java.base/jdk.internal.reflect.DirectMethodHandleAccessor.invoke(DirectMethodHandleAccessor.java:104)
at java.base/java.lang.reflect.Method.invoke(Method.java:577)
at org.testng.internal.MethodInvocationHelper.invokeMethod(MethodInvocationHelper.java:133)
at org.testng.internal.MethodInvocationHelper.invokeMethodConsideringTimeout(MethodInvocationHelper.java:62)
at org.testng.internal.ConfigInvoker.invokeConfigurationMethod(ConfigInvoker.java:385)
at org.testng.internal.ConfigInvoker.invokeConfigurations(ConfigInvoker.java:321)
at org.testng.TestRunner.invokeTestConfigurations(TestRunner.java:637)
at org.testng.TestRunner.beforeRun(TestRunner.java:627)
at org.testng.TestRunner.run(TestRunner.java:589)
at org.testng.SuiteRunner.runTest(SuiteRunner.java:377)
at org.testng.SuiteRunner.access$000(SuiteRunner.java:28)
at org.testng.SuiteRunner$SuiteWorker.run(SuiteRunner.java:418)
at org.testng.internal.thread.ThreadUtil.lambda$execute$0(ThreadUtil.java:64)
at java.base/java.util.concurrent.FutureTask.run(FutureTask.java:264)
at java.base/java.util.concurrent.ThreadPoolExecutor.runWorker(ThreadPoolExecutor.java:1136)
at java.base/java.util.concurrent.ThreadPoolExecutor$Worker.run(ThreadPoolExecutor.java:635)
at java.base/java.lang.Thread.run(Thread.java:833)
]]>
    </error>
  </testcase> <!-- launch -->
  <system-out/>
  <testcase classname="Test.cross" name="funds" time="0.000">
    <skipped/>
  </testcase> <!-- funds -->
  <system-out/>
  <testcase classname="Test.cross" name="orderpage" time="0.000">
    <skipped/>
  </testcase> <!-- orderpage -->
  <system-out/>
  <testcase classname="Test.cross" name="positions" time="0.000">
    <skipped/>
  </testcase> <!-- positions -->
  <system-out/>
  <testcase classname="Test.cross" name="holding" time="0.000">
    <skipped/>
  </testcase> <!-- holding -->
  <system-out/>
  <testcase classname="Test.cross" name="apps" time="0.000">
    <skipped/>
  </testcase> <!-- apps -->
  <system-out/>
</testsuite> <!-- Test.cross -->
