<?xml version="1.0" encoding="UTF-8"?>
<!-- Generated by org.testng.reporters.JUnitReportReporter -->
<testsuite hostname="DESKTOP-3HQ3THD" failures="0" tests="2" name="Test.Assertion" time="8.153" errors="0" timestamp="2022-07-20T20:22:45 IST" skipped="1">
  <testcase classname="Test.Assertion" name="orderpage" time="8.153"/>
  <system-out/>
  <testcase classname="Test.Assertion" name="holding">
    <skipped/>
  </testcase> <!-- holding -->
  <system-out/>
</testsuite> <!-- Test.Assertion -->
