<?xml version="1.0" encoding="UTF-8"?>
<!-- Generated by org.testng.reporters.JUnitReportReporter -->
<testsuite hostname="DESKTOP-3HQ3THD" failures="0" tests="1" name="Zerodhaproject.TestNGcheckinstall" time="0.010" errors="0" timestamp="2022-07-12T14:48:55 IST" skipped="0">
  <testcase classname="Zerodhaproject.TestNGcheckinstall" name="test" time="0.010"/>
  <system-out/>
</testsuite> <!-- Zerodhaproject.TestNGcheckinstall -->
