<?xml version="1.0" encoding="UTF-8"?>
<!-- Generated by org.testng.reporters.JUnitReportReporter -->
<testsuite hostname="DESKTOP-3HQ3THD" failures="0" tests="5" name="Test.Testhomepage" time="46.119" errors="0" timestamp="2022-07-20T12:41:07 IST" skipped="0">
  <testcase classname="Test.Testhomepage" name="funds" time="7.543"/>
  <system-out/>
  <testcase classname="Test.Testhomepage" name="apps" time="17.378"/>
  <system-out/>
  <testcase classname="Test.Testhomepage" name="holding" time="7.974"/>
  <system-out/>
  <testcase classname="Test.Testhomepage" name="orderpage" time="7.177"/>
  <system-out/>
  <testcase classname="Test.Testhomepage" name="positions" time="6.047"/>
  <system-out/>
</testsuite> <!-- Test.Testhomepage -->
