<?xml version="1.0" encoding="UTF-8"?>
<!-- Generated by org.testng.reporters.JUnitReportReporter -->
<testsuite hostname="DESKTOP-3HQ3THD" failures="0" tests="1" name="Test.TestNGcheckinstall" time="0.011" errors="0" timestamp="2022-07-14T10:30:25 IST" skipped="0">
  <testcase classname="Test.TestNGcheckinstall" name="test" time="0.011"/>
  <system-out/>
</testsuite> <!-- Test.TestNGcheckinstall -->
